Change Dir: 'C:/Users/snave/Desktop/Obfuscate_LLVM/build'

Run Build Command(s): "C:/Program Files/Microsoft Visual Studio/18/Community/MSBuild/Current/Bin/amd64/MSBuild.exe" ALL_BUILD.vcxproj /p:Configuration=Release /p:Platform=x64 /p:VisualStudioVersion=18.0 /v:n
MSBuild version 18.0.5+e22287bf1 for .NET Framework
Build started 30-01-2026 20:09:19.

Project "C:\Users\snave\Desktop\Obfuscate_LLVM\build\ALL_BUILD.vcxproj" on node 1 (default targets).
Project "C:\Users\snave\Desktop\Obfuscate_LLVM\build\ALL_BUILD.vcxproj" (1) is building "C:\Users\snave\Desktop\Obfuscate_LLVM\build\ZERO_CHECK.vcxproj" (2) on node 1 (default targets).
PrepareForBuild:
  Structured output is enabled. The formatting of compiler diagnostics will reflect the error hierarchy. See https://aka.ms/cpp/structured-output for more details.
InitializeBuildStatus:
  Creating "x64\Release\ZERO_CHECK\ZERO_CHECK.tlog\unsuccessfulbuild" because "AlwaysCreate" was specified.
  Touching "x64\Release\ZERO_CHECK\ZERO_CHECK.tlog\unsuccessfulbuild".
CustomBuild:
  All outputs are up-to-date.
FinalizeBuildStatus:
  Deleting file "x64\Release\ZERO_CHECK\ZERO_CHECK.tlog\unsuccessfulbuild".
  Touching "x64\Release\ZERO_CHECK\ZERO_CHECK.tlog\ZERO_CHECK.lastbuildstate".
Done Building Project "C:\Users\snave\Desktop\Obfuscate_LLVM\build\ZERO_CHECK.vcxproj" (default targets).
Project "C:\Users\snave\Desktop\Obfuscate_LLVM\build\ALL_BUILD.vcxproj" (1) is building "C:\Users\snave\Desktop\Obfuscate_LLVM\build\src\tools\obfuscator\obfuscator.vcxproj" (3) on node 1 (default targets).
PrepareForBuild:
  Structured output is enabled. The formatting of compiler diagnostics will reflect the error hierarchy. See https://aka.ms/cpp/structured-output for more details.
InitializeBuildStatus:
  Creating "obfuscator.dir\Release\obfuscator.tlog\unsuccessfulbuild" because "AlwaysCreate" was specified.
  Touching "obfuscator.dir\Release\obfuscator.tlog\unsuccessfulbuild".
CustomBuild:
  All outputs are up-to-date.
ClCompile:
  All outputs are up-to-date.
Link:
  All outputs are up-to-date.
  obfuscator.vcxproj -> C:\Users\snave\Desktop\Obfuscate_LLVM\build\src\tools\obfuscator\Release\obfuscator.exe
FinalizeBuildStatus:
  Deleting file "obfuscator.dir\Release\obfuscator.tlog\unsuccessfulbuild".
  Touching "obfuscator.dir\Release\obfuscator.tlog\obfuscator.lastbuildstate".
Done Building Project "C:\Users\snave\Desktop\Obfuscate_LLVM\build\src\tools\obfuscator\obfuscator.vcxproj" (default targets).
PrepareForBuild:
  Structured output is enabled. The formatting of compiler diagnostics will reflect the error hierarchy. See https://aka.ms/cpp/structured-output for more details.
InitializeBuildStatus:
  Creating "x64\Release\ALL_BUILD\ALL_BUILD.tlog\unsuccessfulbuild" because "AlwaysCreate" was specified.
  Touching "x64\Release\ALL_BUILD\ALL_BUILD.tlog\unsuccessfulbuild".
CustomBuild:
  All outputs are up-to-date.
FinalizeBuildStatus:
  Deleting file "x64\Release\ALL_BUILD\ALL_BUILD.tlog\unsuccessfulbuild".
  Touching "x64\Release\ALL_BUILD\ALL_BUILD.tlog\ALL_BUILD.lastbuildstate".
Done Building Project "C:\Users\snave\Desktop\Obfuscate_LLVM\build\ALL_BUILD.vcxproj" (default targets).

Build succeeded.
    0 Warning(s)
    0 Error(s)

Time Elapsed 00:00:00.73

