c:\users\snave\desktop\obfuscate_llvm\build\src\tools\obfuscator\obfuscator.dir\debug\vc145.pdb
c:\users\snave\desktop\obfuscate_llvm\build\src\tools\obfuscator\obfuscator.dir\debug\boguscontrolflow.obj
c:\users\snave\desktop\obfuscate_llvm\build\src\tools\obfuscator\obfuscator.dir\debug\flattening.obj
c:\users\snave\desktop\obfuscate_llvm\build\src\tools\obfuscator\obfuscator.dir\debug\indirectcall.obj
c:\users\snave\desktop\obfuscate_llvm\build\src\tools\obfuscator\obfuscator.dir\debug\stringencryption.obj
c:\users\snave\desktop\obfuscate_llvm\build\src\tools\obfuscator\obfuscator.dir\debug\substitution.obj
c:\users\snave\desktop\obfuscate_llvm\build\src\tools\obfuscator\obfuscator.dir\debug\main.obj
c:\users\snave\desktop\obfuscate_llvm\build\src\tools\obfuscator\cmakefiles\generate.stamp
c:\users\snave\desktop\obfuscate_llvm\build\src\tools\obfuscator\debug\obfuscator.pdb
c:\users\snave\desktop\obfuscate_llvm\build\src\tools\obfuscator\obfuscator.dir\debug\obfuscator.tlog\cl.command.1.tlog
c:\users\snave\desktop\obfuscate_llvm\build\src\tools\obfuscator\obfuscator.dir\debug\obfuscator.tlog\cl.read.1.tlog
c:\users\snave\desktop\obfuscate_llvm\build\src\tools\obfuscator\obfuscator.dir\debug\obfuscator.tlog\cl.write.1.tlog
c:\users\snave\desktop\obfuscate_llvm\build\src\tools\obfuscator\obfuscator.dir\debug\obfuscator.tlog\custombuild.command.1.tlog
c:\users\snave\desktop\obfuscate_llvm\build\src\tools\obfuscator\obfuscator.dir\debug\obfuscator.tlog\custombuild.read.1.tlog
c:\users\snave\desktop\obfuscate_llvm\build\src\tools\obfuscator\obfuscator.dir\debug\obfuscator.tlog\custombuild.write.1.tlog
c:\users\snave\desktop\obfuscate_llvm\build\src\tools\obfuscator\obfuscator.dir\debug\obfuscator.tlog\link-cvtres.read.1.tlog
c:\users\snave\desktop\obfuscate_llvm\build\src\tools\obfuscator\obfuscator.dir\debug\obfuscator.tlog\link-cvtres.write.1.tlog
c:\users\snave\desktop\obfuscate_llvm\build\src\tools\obfuscator\obfuscator.dir\debug\obfuscator.tlog\link-rc.read.1.tlog
c:\users\snave\desktop\obfuscate_llvm\build\src\tools\obfuscator\obfuscator.dir\debug\obfuscator.tlog\link-rc.write.1.tlog
c:\users\snave\desktop\obfuscate_llvm\build\src\tools\obfuscator\obfuscator.dir\debug\obfuscator.tlog\link.command.1.tlog
c:\users\snave\desktop\obfuscate_llvm\build\src\tools\obfuscator\obfuscator.dir\debug\obfuscator.tlog\link.read.1.tlog
c:\users\snave\desktop\obfuscate_llvm\build\src\tools\obfuscator\obfuscator.dir\debug\obfuscator.tlog\link.read.2.tlog
c:\users\snave\desktop\obfuscate_llvm\build\src\tools\obfuscator\obfuscator.dir\debug\obfuscator.tlog\link.read.3.tlog
c:\users\snave\desktop\obfuscate_llvm\build\src\tools\obfuscator\obfuscator.dir\debug\obfuscator.tlog\link.read.5.tlog
c:\users\snave\desktop\obfuscate_llvm\build\src\tools\obfuscator\obfuscator.dir\debug\obfuscator.tlog\link.write.1.tlog
